-------------------------------------------------------------------------------
Test set: com.example.library.service.AuthorServiceTest$Delete
-------------------------------------------------------------------------------
Tests run: 3, Failures: 1, Errors: 0, Skipped: 0, Time elapsed: 0.012 s <<< FAILURE! -- in com.example.library.service.AuthorServiceTest$Delete
com.example.library.service.AuthorServiceTest$Delete.shouldThrowWhenHasBooks -- Time elapsed: 0.003 s <<< FAILURE!
java.lang.AssertionError: 

Expecting code to raise a throwable.
	at com.example.library.service.AuthorServiceTest$Delete.shouldThrowWhenHasBooks(AuthorServiceTest.java:165)
	at java.base/java.lang.reflect.Method.invoke(Method.java:580)
	at java.base/java.util.ArrayList.forEach(ArrayList.java:1596)
	at java.base/java.util.ArrayList.forEach(ArrayList.java:1596)
	at java.base/java.util.ArrayList.forEach(ArrayList.java:1596)

