<?xml version="1.0" encoding="UTF-8"?>
<testsuite xmlns:xsi="http://www.w3.org/2001/XMLSchema-instance" xsi:noNamespaceSchemaLocation="https://maven.apache.org/surefire/maven-surefire-plugin/xsd/surefire-test-report-3.0.xsd" version="3.0" name="com.example.library.repository.AuthorRepositoryTest" time="0.277" tests="9" errors="0" skipped="0" failures="0">
  <properties>
[...]
</properties>
  <testcase name="findAuthorsWithAtLeastNBooks" classname="com.example.library.repository.AuthorRepositoryTest" time="0.027">
    <system-out><![CDATA[2026-05-20T09:51:33.499-03:00  INFO 16712 --- [library-api] [           main] t.c.s.AnnotationConfigContextLoaderUtils : Could not detect default configuration classes for test class [com.example.library.repository.AuthorRepositoryTest]: AuthorRepositoryTest does not declare any static, non-private, non-final, nested classes annotated with @Configuration.
2026-05-20T09:51:33.506-03:00  INFO 16712 --- [library-api] [           main] .b.t.c.SpringBootTestContextBootstrapper : Found @SpringBootConfiguration com.example.library.LibraryApiApplication for test class com.example.library.repository.AuthorRepositoryTest

  .   ____          _            __ _ _
 /\\ / ___'_ __ _ _(_)_ __  __ _ \ \ \ \
( ( )\___ | '_ | '_| | '_ \/ _` | \ \ \ \
 \\/  ___)| |_)| | | | | || (_| |  ) ) ) )
  '  |____| .__|_| |_|_| |_\__, | / / / /
 =========|_|==============|___/=/_/_/_/
 :: Spring Boot ::                (v3.2.5)

2026-05-20T09:51:33.520-03:00  INFO 16712 --- [library-api] [           main] c.e.l.repository.AuthorRepositoryTest    : Starting AuthorRepositoryTest using Java 21.0.11 with PID 16712 (started by labsfiap in C:\Users\labsfiap\Desktop\correcao\library-api-corrigido\library-api)
2026-05-20T09:51:33.520-03:00 DEBUG 16712 --- [library-api] [           main] c.e.l.repository.AuthorRepositoryTest    : Running with Spring Boot v3.2.5, Spring v6.1.6
2026-05-20T09:51:33.520-03:00  INFO 16712 --- [library-api] [           main] c.e.l.repository.AuthorRepositoryTest    : The following 1 profile is active: "test"
2026-05-20T09:51:33.549-03:00  INFO 16712 --- [library-api] [           main] .s.d.r.c.RepositoryConfigurationDelegate : Bootstrapping Spring Data JPA repositories in DEFAULT mode.
2026-05-20T09:51:33.555-03:00  INFO 16712 --- [library-api] [           main] .s.d.r.c.RepositoryConfigurationDelegate : Finished Spring Data repository scanning in 5 ms. Found 3 JPA repository interfaces.
2026-05-20T09:51:33.559-03:00  INFO 16712 --- [library-api] [           main] beddedDataSourceBeanFactoryPostProcessor : Replacing 'dataSource' DataSource bean with embedded version
2026-05-20T09:51:33.568-03:00  INFO 16712 --- [library-api] [           main] o.s.j.d.e.EmbeddedDatabaseFactory        : Starting embedded database: url='jdbc:h2:mem:aedcd354-dc5f-431b-a5d7-afd7d346db63;DB_CLOSE_DELAY=-1;DB_CLOSE_ON_EXIT=false', username='sa'
2026-05-20T09:51:33.576-03:00  INFO 16712 --- [library-api] [           main] o.hibernate.jpa.internal.util.LogHelper  : HHH000204: Processing PersistenceUnitInfo [name: default]
2026-05-20T09:51:33.578-03:00  INFO 16712 --- [library-api] [           main] o.h.c.internal.RegionFactoryInitiator    : HHH000026: Second-level cache disabled
2026-05-20T09:51:33.580-03:00  INFO 16712 --- [library-api] [           main] o.s.o.j.p.SpringPersistenceUnitInfo      : No LoadTimeWeaver setup: ignoring JPA class transformer
2026-05-20T09:51:33.581-03:00  WARN 16712 --- [library-api] [           main] org.hibernate.orm.deprecation            : HHH90000025: H2Dialect does not need to be specified explicitly using 'hibernate.dialect' (remove the property setting and it will be selected by default)
2026-05-20T09:51:33.625-03:00  INFO 16712 --- [library-api] [           main] o.h.e.t.j.p.i.JtaPlatformInitiator       : HHH000489: No JTA platform available (set 'hibernate.transaction.jta.platform' to enable JTA platform integration)
Hibernate: 
    drop table if exists authors cascade 
Hibernate: 
    drop table if exists books cascade 
Hibernate: 
    drop table if exists users cascade 
Hibernate: 
    create table authors (
        created_at timestamp(6) not null,
        id bigint generated by default as identity,
        updated_at timestamp(6),
        nationality varchar(60),
        name varchar(100) not null,
        email varchar(150) unique,
        biography varchar(500),
        primary key (id)
    )
Hibernate: 
    create table books (
        available boolean not null,
        pages integer check (pages>=1),
        price numeric(10,2),
        published_date date,
        author_id bigint not null,
        created_at timestamp(6) not null,
        id bigint generated by default as identity,
        updated_at timestamp(6),
        isbn varchar(20) not null unique,
        genre varchar(60),
        title varchar(200) not null,
        description varchar(1000),
        primary key (id)
    )
Hibernate: 
    create table users (
        created_at timestamp(6) not null,
        id bigint generated by default as identity,
        role varchar(20) not null check (role in ('USER','ADMIN')),
        username varchar(80) not null unique,
        password varchar(255) not null,
        primary key (id)
    )
Hibernate: 
    create index idx_book_author 
       on books (author_id)
Hibernate: 
    create index idx_book_genre 
       on books (genre)
Hibernate: 
    alter table if exists books 
       add constraint FKfjixh2vym2cvfj3ufxj91jem7 
       foreign key (author_id) 
       references authors
2026-05-20T09:51:33.630-03:00  INFO 16712 --- [library-api] [           main] j.LocalContainerEntityManagerFactoryBean : Initialized JPA EntityManagerFactory for persistence unit 'default'
2026-05-20T09:51:33.679-03:00  INFO 16712 --- [library-api] [           main] c.e.l.repository.AuthorRepositoryTest    : Started AuthorRepositoryTest in 0.171 seconds (process running for 7.774)
Hibernate: 
    select
        b1_0.id,
        b1_0.author_id,
        b1_0.available,
        b1_0.created_at,
        b1_0.description,
        b1_0.genre,
        b1_0.isbn,
        b1_0.pages,
        b1_0.price,
        b1_0.published_date,
        b1_0.title,
        b1_0.updated_at 
    from
        books b1_0
Hibernate: 
    select
        a1_0.id,
        a1_0.biography,
        a1_0.created_at,
        a1_0.email,
        a1_0.name,
        a1_0.nationality,
        a1_0.updated_at 
    from
        authors a1_0
Hibernate: 
    insert 
    into
        authors
        (biography, created_at, email, name, nationality, updated_at, id) 
    values
        (?, ?, ?, ?, ?, ?, default)
Hibernate: 
    insert 
    into
        authors
        (biography, created_at, email, name, nationality, updated_at, id) 
    values
        (?, ?, ?, ?, ?, ?, default)
Hibernate: 
    insert 
    into
        books
        (author_id, available, created_at, description, genre, isbn, pages, price, published_date, title, updated_at, id) 
    values
        (?, ?, ?, ?, ?, ?, ?, ?, ?, ?, ?, default)
Hibernate: 
    select
        a1_0.id,
        a1_0.biography,
        a1_0.created_at,
        a1_0.email,
        a1_0.name,
        a1_0.nationality,
        a1_0.updated_at 
    from
        authors a1_0 
    where
        (
            select
                count(1) 
            from
                books b1_0 
            where
                a1_0.id=b1_0.author_id
        )>=?
]]></system-out>
  </testcase>
  <testcase name="searchByName_multiple" classname="com.example.library.repository.AuthorRepositoryTest" time="0.008">
    <system-out><![CDATA[Hibernate: 
    select
        b1_0.id,
        b1_0.author_id,
        b1_0.available,
        b1_0.created_at,
        b1_0.description,
        b1_0.genre,
        b1_0.isbn,
        b1_0.pages,
        b1_0.price,
        b1_0.published_date,
        b1_0.title,
        b1_0.updated_at 
    from
        books b1_0
Hibernate: 
    select
        a1_0.id,
        a1_0.biography,
        a1_0.created_at,
        a1_0.email,
        a1_0.name,
        a1_0.nationality,
        a1_0.updated_at 
    from
        authors a1_0
Hibernate: 
    insert 
    into
        authors
        (biography, created_at, email, name, nationality, updated_at, id) 
    values
        (?, ?, ?, ?, ?, ?, default)
Hibernate: 
    insert 
    into
        authors
        (biography, created_at, email, name, nationality, updated_at, id) 
    values
        (?, ?, ?, ?, ?, ?, default)
Hibernate: 
    select
        a1_0.id,
        a1_0.biography,
        a1_0.created_at,
        a1_0.email,
        a1_0.name,
        a1_0.nationality,
        a1_0.updated_at 
    from
        authors a1_0 
    where
        lower(a1_0.name) like lower(('%'||?||'%')) escape '' 
    offset
        ? rows 
    fetch
        first ? rows only
]]></system-out>
  </testcase>
  <testcase name="existsByEmail" classname="com.example.library.repository.AuthorRepositoryTest" time="0.009">
    <system-out><![CDATA[Hibernate: 
    select
        b1_0.id,
        b1_0.author_id,
        b1_0.available,
        b1_0.created_at,
        b1_0.description,
        b1_0.genre,
        b1_0.isbn,
        b1_0.pages,
        b1_0.price,
        b1_0.published_date,
        b1_0.title,
        b1_0.updated_at 
    from
        books b1_0
Hibernate: 
    select
        a1_0.id,
        a1_0.biography,
        a1_0.created_at,
        a1_0.email,
        a1_0.name,
        a1_0.nationality,
        a1_0.updated_at 
    from
        authors a1_0
Hibernate: 
    insert 
    into
        authors
        (biography, created_at, email, name, nationality, updated_at, id) 
    values
        (?, ?, ?, ?, ?, ?, default)
Hibernate: 
    insert 
    into
        authors
        (biography, created_at, email, name, nationality, updated_at, id) 
    values
        (?, ?, ?, ?, ?, ?, default)
Hibernate: 
    select
        a1_0.id 
    from
        authors a1_0 
    where
        a1_0.email=? 
    fetch
        first ? rows only
Hibernate: 
    select
        a1_0.id 
    from
        authors a1_0 
    where
        a1_0.email=? 
    fetch
        first ? rows only
]]></system-out>
  </testcase>
  <testcase name="searchByName" classname="com.example.library.repository.AuthorRepositoryTest" time="0.007">
    <system-out><![CDATA[Hibernate: 
    select
        b1_0.id,
        b1_0.author_id,
        b1_0.available,
        b1_0.created_at,
        b1_0.description,
        b1_0.genre,
        b1_0.isbn,
        b1_0.pages,
        b1_0.price,
        b1_0.published_date,
        b1_0.title,
        b1_0.updated_at 
    from
        books b1_0
Hibernate: 
    select
        a1_0.id,
        a1_0.biography,
        a1_0.created_at,
        a1_0.email,
        a1_0.name,
        a1_0.nationality,
        a1_0.updated_at 
    from
        authors a1_0
Hibernate: 
    insert 
    into
        authors
        (biography, created_at, email, name, nationality, updated_at, id) 
    values
        (?, ?, ?, ?, ?, ?, default)
Hibernate: 
    insert 
    into
        authors
        (biography, created_at, email, name, nationality, updated_at, id) 
    values
        (?, ?, ?, ?, ?, ?, default)
Hibernate: 
    select
        a1_0.id,
        a1_0.biography,
        a1_0.created_at,
        a1_0.email,
        a1_0.name,
        a1_0.nationality,
        a1_0.updated_at 
    from
        authors a1_0 
    where
        lower(a1_0.name) like lower(('%'||?||'%')) escape '' 
    offset
        ? rows 
    fetch
        first ? rows only
]]></system-out>
  </testcase>
  <testcase name="findByNationality" classname="com.example.library.repository.AuthorRepositoryTest" time="0.009">
    <system-out><![CDATA[Hibernate: 
    select
        b1_0.id,
        b1_0.author_id,
        b1_0.available,
        b1_0.created_at,
        b1_0.description,
        b1_0.genre,
        b1_0.isbn,
        b1_0.pages,
        b1_0.price,
        b1_0.published_date,
        b1_0.title,
        b1_0.updated_at 
    from
        books b1_0
Hibernate: 
    select
        a1_0.id,
        a1_0.biography,
        a1_0.created_at,
        a1_0.email,
        a1_0.name,
        a1_0.nationality,
        a1_0.updated_at 
    from
        authors a1_0
Hibernate: 
    insert 
    into
        authors
        (biography, created_at, email, name, nationality, updated_at, id) 
    values
        (?, ?, ?, ?, ?, ?, default)
Hibernate: 
    insert 
    into
        authors
        (biography, created_at, email, name, nationality, updated_at, id) 
    values
        (?, ?, ?, ?, ?, ?, default)
Hibernate: 
    select
        a1_0.id,
        a1_0.biography,
        a1_0.created_at,
        a1_0.email,
        a1_0.name,
        a1_0.nationality,
        a1_0.updated_at 
    from
        authors a1_0 
    where
        upper(a1_0.nationality)=upper(?) 
    order by
        a1_0.name 
    offset
        ? rows 
    fetch
        first ? rows only
]]></system-out>
  </testcase>
  <testcase name="findByEmail_notFound" classname="com.example.library.repository.AuthorRepositoryTest" time="0.008">
    <system-out><![CDATA[Hibernate: 
    select
        b1_0.id,
        b1_0.author_id,
        b1_0.available,
        b1_0.created_at,
        b1_0.description,
        b1_0.genre,
        b1_0.isbn,
        b1_0.pages,
        b1_0.price,
        b1_0.published_date,
        b1_0.title,
        b1_0.updated_at 
    from
        books b1_0
Hibernate: 
    select
        a1_0.id,
        a1_0.biography,
        a1_0.created_at,
        a1_0.email,
        a1_0.name,
        a1_0.nationality,
        a1_0.updated_at 
    from
        authors a1_0
Hibernate: 
    insert 
    into
        authors
        (biography, created_at, email, name, nationality, updated_at, id) 
    values
        (?, ?, ?, ?, ?, ?, default)
Hibernate: 
    insert 
    into
        authors
        (biography, created_at, email, name, nationality, updated_at, id) 
    values
        (?, ?, ?, ?, ?, ?, default)
Hibernate: 
    select
        a1_0.id,
        a1_0.biography,
        a1_0.created_at,
        a1_0.email,
        a1_0.name,
        a1_0.nationality,
        a1_0.updated_at 
    from
        authors a1_0 
    where
        a1_0.email=?
]]></system-out>
  </testcase>
  <testcase name="findByIdWithBooks" classname="com.example.library.repository.AuthorRepositoryTest" time="0.008">
    <system-out><![CDATA[Hibernate: 
    select
        b1_0.id,
        b1_0.author_id,
        b1_0.available,
        b1_0.created_at,
        b1_0.description,
        b1_0.genre,
        b1_0.isbn,
        b1_0.pages,
        b1_0.price,
        b1_0.published_date,
        b1_0.title,
        b1_0.updated_at 
    from
        books b1_0
Hibernate: 
    select
        a1_0.id,
        a1_0.biography,
        a1_0.created_at,
        a1_0.email,
        a1_0.name,
        a1_0.nationality,
        a1_0.updated_at 
    from
        authors a1_0
Hibernate: 
    insert 
    into
        authors
        (biography, created_at, email, name, nationality, updated_at, id) 
    values
        (?, ?, ?, ?, ?, ?, default)
Hibernate: 
    insert 
    into
        authors
        (biography, created_at, email, name, nationality, updated_at, id) 
    values
        (?, ?, ?, ?, ?, ?, default)
Hibernate: 
    insert 
    into
        books
        (author_id, available, created_at, description, genre, isbn, pages, price, published_date, title, updated_at, id) 
    values
        (?, ?, ?, ?, ?, ?, ?, ?, ?, ?, ?, default)
Hibernate: 
    select
        distinct a1_0.id,
        a1_0.biography,
        b1_0.author_id,
        b1_0.id,
        b1_0.available,
        b1_0.created_at,
        b1_0.description,
        b1_0.genre,
        b1_0.isbn,
        b1_0.pages,
        b1_0.price,
        b1_0.published_date,
        b1_0.title,
        b1_0.updated_at,
        a1_0.created_at,
        a1_0.email,
        a1_0.name,
        a1_0.nationality,
        a1_0.updated_at 
    from
        authors a1_0 
    left join
        books b1_0 
            on a1_0.id=b1_0.author_id 
    where
        a1_0.id=?
]]></system-out>
  </testcase>
  <testcase name="findByEmail" classname="com.example.library.repository.AuthorRepositoryTest" time="0.005">
    <system-out><![CDATA[Hibernate: 
    select
        b1_0.id,
        b1_0.author_id,
        b1_0.available,
        b1_0.created_at,
        b1_0.description,
        b1_0.genre,
        b1_0.isbn,
        b1_0.pages,
        b1_0.price,
        b1_0.published_date,
        b1_0.title,
        b1_0.updated_at 
    from
        books b1_0
Hibernate: 
    select
        a1_0.id,
        a1_0.biography,
        a1_0.created_at,
        a1_0.email,
        a1_0.name,
        a1_0.nationality,
        a1_0.updated_at 
    from
        authors a1_0
Hibernate: 
    insert 
    into
        authors
        (biography, created_at, email, name, nationality, updated_at, id) 
    values
        (?, ?, ?, ?, ?, ?, default)
Hibernate: 
    insert 
    into
        authors
        (biography, created_at, email, name, nationality, updated_at, id) 
    values
        (?, ?, ?, ?, ?, ?, default)
Hibernate: 
    select
        a1_0.id,
        a1_0.biography,
        a1_0.created_at,
        a1_0.email,
        a1_0.name,
        a1_0.nationality,
        a1_0.updated_at 
    from
        authors a1_0 
    where
        a1_0.email=?
]]></system-out>
  </testcase>
  <testcase name="pagination" classname="com.example.library.repository.AuthorRepositoryTest" time="0.008">
    <system-out><![CDATA[Hibernate: 
    select
        b1_0.id,
        b1_0.author_id,
        b1_0.available,
        b1_0.created_at,
        b1_0.description,
        b1_0.genre,
        b1_0.isbn,
        b1_0.pages,
        b1_0.price,
        b1_0.published_date,
        b1_0.title,
        b1_0.updated_at 
    from
        books b1_0
Hibernate: 
    select
        a1_0.id,
        a1_0.biography,
        a1_0.created_at,
        a1_0.email,
        a1_0.name,
        a1_0.nationality,
        a1_0.updated_at 
    from
        authors a1_0
Hibernate: 
    insert 
    into
        authors
        (biography, created_at, email, name, nationality, updated_at, id) 
    values
        (?, ?, ?, ?, ?, ?, default)
Hibernate: 
    insert 
    into
        authors
        (biography, created_at, email, name, nationality, updated_at, id) 
    values
        (?, ?, ?, ?, ?, ?, default)
Hibernate: 
    select
        a1_0.id,
        a1_0.biography,
        a1_0.created_at,
        a1_0.email,
        a1_0.name,
        a1_0.nationality,
        a1_0.updated_at 
    from
        authors a1_0 
    order by
        a1_0.name 
    offset
        ? rows 
    fetch
        first ? rows only
Hibernate: 
    select
        count(a1_0.id) 
    from
        authors a1_0
Hibernate: 
    select
        a1_0.id,
        a1_0.biography,
        a1_0.created_at,
        a1_0.email,
        a1_0.name,
        a1_0.nationality,
        a1_0.updated_at 
    from
        authors a1_0 
    order by
        a1_0.name 
    offset
        ? rows 
    fetch
        first ? rows only
Hibernate: 
    select
        count(a1_0.id) 
    from
        authors a1_0
]]></system-out>
  </testcase>
</testsuite>