<?xml version="1.0" encoding="UTF-8"?>
<testsuite xmlns:xsi="http://www.w3.org/2001/XMLSchema-instance" xsi:noNamespaceSchemaLocation="https://maven.apache.org/surefire/maven-surefire-plugin/xsd/surefire-test-report-3.0.xsd" version="3.0" name="com.example.library.controller.BookControllerTest" time="0.462" tests="16" errors="0" skipped="0" failures="0">
  <properties>
[...]
</properties>
  <testcase name="getGenreStats" classname="com.example.library.controller.BookControllerTest" time="0.025">
    <system-out><![CDATA[2026-05-20T09:37:16.299-03:00  INFO 14220 --- [library-api] [           main] t.c.s.AnnotationConfigContextLoaderUtils : Could not detect default configuration classes for test class [com.example.library.controller.BookControllerTest]: BookControllerTest does not declare any static, non-private, non-final, nested classes annotated with @Configuration.
2026-05-20T09:37:16.305-03:00  INFO 14220 --- [library-api] [           main] .b.t.c.SpringBootTestContextBootstrapper : Found @SpringBootConfiguration com.example.library.LibraryApiApplication for test class com.example.library.controller.BookControllerTest

  .   ____          _            __ _ _
 /\\ / ___'_ __ _ _(_)_ __  __ _ \ \ \ \
( ( )\___ | '_ | '_| | '_ \/ _` | \ \ \ \
 \\/  ___)| |_)| | | | | || (_| |  ) ) ) )
  '  |____| .__|_| |_|_| |_\__, | / / / /
 =========|_|==============|___/=/_/_/_/
 :: Spring Boot ::                (v3.2.5)

2026-05-20T09:37:16.330-03:00  INFO 14220 --- [library-api] [           main] c.e.l.controller.BookControllerTest      : Starting BookControllerTest using Java 21.0.11 with PID 14220 (started by labsfiap in C:\Users\labsfiap\Desktop\library-api)
2026-05-20T09:37:16.330-03:00 DEBUG 14220 --- [library-api] [           main] c.e.l.controller.BookControllerTest      : Running with Spring Boot v3.2.5, Spring v6.1.6
2026-05-20T09:37:16.330-03:00  INFO 14220 --- [library-api] [           main] c.e.l.controller.BookControllerTest      : The following 1 profile is active: "test"
2026-05-20T09:37:16.566-03:00  INFO 14220 --- [library-api] [           main] o.s.s.web.DefaultSecurityFilterChain     : Will secure any request with [org.springframework.security.web.session.DisableEncodeUrlFilter@2db75e32, org.springframework.security.web.context.request.async.WebAsyncManagerIntegrationFilter@1f2d0ca2, org.springframework.security.web.context.SecurityContextHolderFilter@7d28efd5, org.springframework.security.web.header.HeaderWriterFilter@237b54bc, org.springframework.web.filter.CorsFilter@e353e1d, org.springframework.security.web.authentication.logout.LogoutFilter@796a7c9, com.example.library.security.JwtAuthFilter@5625ba2, org.springframework.security.web.savedrequest.RequestCacheAwareFilter@95958d9, org.springframework.security.web.servletapi.SecurityContextHolderAwareRequestFilter@70fe33fa, org.springframework.security.web.authentication.AnonymousAuthenticationFilter@1a1c308b, org.springframework.security.web.session.SessionManagementFilter@5263f554, org.springframework.security.web.access.ExceptionTranslationFilter@1ced1d14, org.springframework.security.web.access.intercept.AuthorizationFilter@452a32f2]
2026-05-20T09:37:16.614-03:00 DEBUG 14220 --- [library-api] [           main] c.e.library.security.JwtAuthFilter       : Filter 'jwtAuthFilter' configured for use
2026-05-20T09:37:16.614-03:00  INFO 14220 --- [library-api] [           main] o.s.b.t.m.w.SpringBootMockServletContext : Initializing Spring TestDispatcherServlet ''
2026-05-20T09:37:16.614-03:00  INFO 14220 --- [library-api] [           main] o.s.t.web.servlet.TestDispatcherServlet  : Initializing Servlet ''
2026-05-20T09:37:16.615-03:00  INFO 14220 --- [library-api] [           main] o.s.t.web.servlet.TestDispatcherServlet  : Completed initialization in 1 ms
2026-05-20T09:37:16.619-03:00  INFO 14220 --- [library-api] [           main] c.e.l.controller.BookControllerTest      : Started BookControllerTest in 0.311 seconds (process running for 4.514)
]]></system-out>
  </testcase>
  <testcase name="delete_asUser_forbidden" classname="com.example.library.controller.BookControllerTest" time="0.003"/>
  <testcase name="search" classname="com.example.library.controller.BookControllerTest" time="0.016"/>
  <testcase name="getTopExpensive" classname="com.example.library.controller.BookControllerTest" time="0.008"/>
  <testcase name="update_valid" classname="com.example.library.controller.BookControllerTest" time="0.025"/>
  <testcase name="delete_asAdmin" classname="com.example.library.controller.BookControllerTest" time="0.004"/>
  <testcase name="findAvailable" classname="com.example.library.controller.BookControllerTest" time="0.004"/>
  <testcase name="findById_notFound" classname="com.example.library.controller.BookControllerTest" time="0.004"/>
  <testcase name="findByIsbn" classname="com.example.library.controller.BookControllerTest" time="0.003"/>
  <testcase name="findAll_public" classname="com.example.library.controller.BookControllerTest" time="0.004"/>
  <testcase name="create_invalid" classname="com.example.library.controller.BookControllerTest" time="0.006"/>
  <testcase name="patchAvailability" classname="com.example.library.controller.BookControllerTest" time="0.007"/>
  <testcase name="findByAuthor" classname="com.example.library.controller.BookControllerTest" time="0.005"/>
  <testcase name="findById_found" classname="com.example.library.controller.BookControllerTest" time="0.003"/>
  <testcase name="create_valid" classname="com.example.library.controller.BookControllerTest" time="0.006"/>
  <testcase name="create_duplicateIsbn" classname="com.example.library.controller.BookControllerTest" time="0.005"/>
</testsuite>